[debug] [2024-11-27T00:05:54.715Z] ----------------------------------------------------------------------
[debug] [2024-11-27T00:05:54.717Z] Command:       /usr/local/bin/firebase /home/alexg/.cache/firebase/tools/lib/node_modules/firebase-tools/lib/bin/firebase init
[debug] [2024-11-27T00:05:54.717Z] CLI Version:   13.12.0
[debug] [2024-11-27T00:05:54.717Z] Platform:      linux
[debug] [2024-11-27T00:05:54.718Z] Node Version:  v18.5.0
[debug] [2024-11-27T00:05:54.718Z] Time:          Tue Nov 26 2024 17:05:54 GMT-0700 (GMT-07:00)
[debug] [2024-11-27T00:05:54.718Z] ----------------------------------------------------------------------
[debug] 
[debug] [2024-11-27T00:05:54.721Z] >>> [apiv2][query] GET https://firebase-public.firebaseio.com/cli.json [none]
[debug] [2024-11-27T00:05:54.758Z] > command requires scopes: ["email","openid","https://www.googleapis.com/auth/cloudplatformprojects.readonly","https://www.googleapis.com/auth/firebase","https://www.googleapis.com/auth/cloud-platform"]
[debug] [2024-11-27T00:05:54.758Z] > authorizing via signed-in user (alexcraft695@gmail.com)
[info] 
     ######## #### ########  ######## ########     ###     ######  ########
     ##        ##  ##     ## ##       ##     ##  ##   ##  ##       ##
     ######    ##  ########  ######   ########  #########  ######  ######
     ##        ##  ##    ##  ##       ##     ## ##     ##       ## ##
     ##       #### ##     ## ######## ########  ##     ##  ######  ########

You're about to initialize a Firebase project in this directory:

  /home/alexg/Descargas/yukkitas

[debug] [2024-11-27T00:05:55.008Z] <<< [apiv2][status] GET https://firebase-public.firebaseio.com/cli.json 200
[debug] [2024-11-27T00:05:55.009Z] <<< [apiv2][body] GET https://firebase-public.firebaseio.com/cli.json {"cloudBuildErrorAfter":1594252800000,"cloudBuildWarnAfter":1590019200000,"defaultNode10After":1594252800000,"minVersion":"3.0.5","node8DeploysDisabledAfter":1613390400000,"node8RuntimeDisabledAfter":1615809600000,"node8WarnAfter":1600128000000}
[info] 
=== Project Setup
[info] 
[info] First, let's associate this project directory with a Firebase project.
[info] You can create multiple project aliases by running firebase use --add, 
[info] but for now we'll just set up a default project.
[info] 
[debug] [2024-11-27T00:06:52.467Z] > refreshing access token with scopes: []
[debug] [2024-11-27T00:06:52.471Z] >>> [apiv2][query] POST https://www.googleapis.com/oauth2/v3/token [none]
[debug] [2024-11-27T00:06:52.471Z] >>> [apiv2][body] POST https://www.googleapis.com/oauth2/v3/token [omitted]
[debug] [2024-11-27T00:06:52.754Z] <<< [apiv2][status] POST https://www.googleapis.com/oauth2/v3/token 200
[debug] [2024-11-27T00:06:52.754Z] <<< [apiv2][body] POST https://www.googleapis.com/oauth2/v3/token [omitted]
[debug] [2024-11-27T00:06:52.767Z] >>> [apiv2][query] GET https://firebase.googleapis.com/v1beta1/projects pageSize=100
[debug] [2024-11-27T00:06:53.637Z] <<< [apiv2][status] GET https://firebase.googleapis.com/v1beta1/projects 200
[debug] [2024-11-27T00:06:53.638Z] <<< [apiv2][body] GET https://firebase.googleapis.com/v1beta1/projects [omitted]
[info] i  Using project six-cloud (Six Cloud) 
[info] 
=== Hosting Setup
[debug] [2024-11-27T00:06:56.308Z] >>> [apiv2][query] GET https://firebase.googleapis.com/v1beta1/projects/six-cloud [none]
[debug] [2024-11-27T00:06:56.971Z] <<< [apiv2][status] GET https://firebase.googleapis.com/v1beta1/projects/six-cloud 200
[debug] [2024-11-27T00:06:56.971Z] <<< [apiv2][body] GET https://firebase.googleapis.com/v1beta1/projects/six-cloud {"projectId":"six-cloud","projectNumber":"369306606442","displayName":"Six Cloud","name":"projects/six-cloud","resources":{"hostingSite":"six-cloud","storageBucket":"six-cloud.appspot.com","locationId":"us-central"},"state":"ACTIVE","etag":"1_a6117e8f-bdef-4e0c-a2bb-c20836838eeb"}
[info] 
[info] Your public directory is the folder (relative to your project directory) that
[info] will contain Hosting assets to be uploaded with firebase deploy. If you
[info] have a build process for your assets, use your build's output directory.
[info] 
[debug] [2024-11-27T00:07:04.129Z] >>> [apiv2][query] GET https://www.gstatic.com/firebasejs/releases.json [none]
[debug] [2024-11-27T00:07:04.307Z] <<< [apiv2][status] GET https://www.gstatic.com/firebasejs/releases.json 200
[debug] [2024-11-27T00:07:04.308Z] <<< [apiv2][body] GET https://www.gstatic.com/firebasejs/releases.json {"current":{"version":"11.0.2","browserURL":"https://www.gstatic.com/firebasejs/11.0.2/firebase.js","packageURL":"https://www.gstatic.com/firebasejs/11.0.2/firebase.tgz"},"live":{"version":"11.0","browserURL":"https://www.gstatic.com/firebasejs/live/11.0/firebase.js","packageURL":"https://www.gstatic.com/firebasejs/live/11.0/firebase.tgz"},"components":{"analytics":"https://www.gstatic.com/firebasejs/11.0.2/firebase-analytics.js","app":"https://www.gstatic.com/firebasejs/11.0.2/firebase-app.js","app-check":"https://www.gstatic.com/firebasejs/11.0.2/firebase-app-check.js","auth":"https://www.gstatic.com/firebasejs/11.0.2/firebase-auth.js","auth/cordova":"https://www.gstatic.com/firebasejs/11.0.2/firebase-auth/cordova.js","auth/web-extension":"https://www.gstatic.com/firebasejs/11.0.2/firebase-auth/web-extension.js","functions":"https://www.gstatic.com/firebasejs/11.0.2/firebase-functions.js","firestore":"https://www.gstatic.com/firebasejs/11.0.2/firebase-firestore.js","firestore/lite":"https://www.gstatic.com/firebasejs/11.0.2/firebase-firestore/lite.js","installations":"https://www.gstatic.com/firebasejs/11.0.2/firebase-installations.js","storage":"https://www.gstatic.com/firebasejs/11.0.2/firebase-storage.js","performance":"https://www.gstatic.com/firebasejs/11.0.2/firebase-performance.js","remote-config":"https://www.gstatic.com/firebasejs/11.0.2/firebase-remote-config.js","messaging":"https://www.gstatic.com/firebasejs/11.0.2/firebase-messaging.js","messaging/sw":"https://www.gstatic.com/firebasejs/11.0.2/firebase-messaging/sw.js","database":"https://www.gstatic.com/firebasejs/11.0.2/firebase-database.js","vertexai":"https://www.gstatic.com/firebasejs/11.0.2/firebase-vertexai.js","data-connect":"https://www.gstatic.com/firebasejs/11.0.2/firebase-data-connect.js","firestore.memory":"https://www.gstatic.com/firebasejs/11.0.2/firebase-firestore.memory.js"}}
[info] ✔  Wrote public/index.html 
[info] 
[info] i  Detected a .git folder at /home/alexg/Descargas/yukkitas 
[info] i  Authorizing with GitHub to upload your service account to a GitHub repository's secrets store. 
[info] 
[info] Visit this URL on this device to log in:
[info] https://github.com/login/oauth/authorize?client_id=89cf50f02ac6aaed3484&state=1037205150&redirect_uri=http%3A%2F%2Flocalhost%3A9005&scope=read%3Auser%20repo%20public_repo
[info] 
[info] Waiting for authentication...
[debug] [2024-11-27T00:07:13.755Z] >>> [apiv2][query] POST https://github.com/login/oauth/access_token [none]
[debug] [2024-11-27T00:07:13.755Z] >>> [apiv2][body] POST https://github.com/login/oauth/access_token [stream]
[debug] [2024-11-27T00:07:14.382Z] <<< [apiv2][status] POST https://github.com/login/oauth/access_token 200
[debug] [2024-11-27T00:07:14.382Z] <<< [apiv2][body] POST https://github.com/login/oauth/access_token {"access_token":"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","token_type":"bearer","scope":"read:user,repo"}
[debug] [2024-11-27T00:07:14.392Z] >>> [apiv2][query] GET https://api.github.com/user [none]
[debug] [2024-11-27T00:07:14.758Z] <<< [apiv2][status] GET https://api.github.com/user 200
[debug] [2024-11-27T00:07:14.759Z] <<< [apiv2][body] GET https://api.github.com/user {"login":"AlexG695","id":83180812,"node_id":"MDQ6VXNlcjgzMTgwODEy","avatar_url":"https://avatars.githubusercontent.com/u/83180812?v=4","gravatar_id":"","url":"https://api.github.com/users/AlexG695","html_url":"https://github.com/AlexG695","followers_url":"https://api.github.com/users/AlexG695/followers","following_url":"https://api.github.com/users/AlexG695/following{/other_user}","gists_url":"https://api.github.com/users/AlexG695/gists{/gist_id}","starred_url":"https://api.github.com/users/AlexG695/starred{/owner}{/repo}","subscriptions_url":"https://api.github.com/users/AlexG695/subscriptions","organizations_url":"https://api.github.com/users/AlexG695/orgs","repos_url":"https://api.github.com/users/AlexG695/repos","events_url":"https://api.github.com/users/AlexG695/events{/privacy}","received_events_url":"https://api.github.com/users/AlexG695/received_events","type":"User","user_view_type":"private","site_admin":false,"name":"Alejandro García","company":null,"blog":"","location":"CUU","email":null,"hireable":null,"bio":null,"twitter_username":null,"notification_email":null,"public_repos":18,"public_gists":0,"followers":7,"following":11,"created_at":"2021-04-25T17:36:57Z","updated_at":"2024-09-22T16:05:13Z","private_gists":0,"total_private_repos":87,"owned_private_repos":87,"disk_usage":727508,"collaborators":1,"two_factor_authentication":false,"plan":{"name":"free","space":976562499,"collaborators":0,"private_repos":10000}}
[info] 
[info] ✔  Success! Logged into GitHub as AlexG695 
[info] 
[debug] [2024-11-27T00:07:23.558Z] >>> [apiv2][query] GET https://api.github.com/repos//actions/secrets/public-key type=owner
[debug] [2024-11-27T00:07:23.881Z] <<< [apiv2][status] GET https://api.github.com/repos//actions/secrets/public-key 404
[debug] [2024-11-27T00:07:23.881Z] <<< [apiv2][body] GET https://api.github.com/repos//actions/secrets/public-key {"message":"Not Found","documentation_url":"https://docs.github.com/rest","status":"404"}
[info] 
[info] 
[error] ⚠  The provided authorization cannot be used with this repository. If this repository is in an organization, did you remember to grant access? 
[info] 
[info] i  Action required: Visit this URL to ensure access has been granted to the appropriate organization(s) for the Firebase CLI GitHub OAuth App: 
[info] https://github.com/settings/connections/applications/89cf50f02ac6aaed3484
[info] 
[debug] [2024-11-27T00:07:58.356Z] >>> [apiv2][query] GET https://api.github.com/repos/n/actions/secrets/public-key type=owner
[debug] [2024-11-27T00:07:58.651Z] <<< [apiv2][status] GET https://api.github.com/repos/n/actions/secrets/public-key 404
[debug] [2024-11-27T00:07:58.651Z] <<< [apiv2][body] GET https://api.github.com/repos/n/actions/secrets/public-key {"message":"Not Found","documentation_url":"https://docs.github.com/rest","status":"404"}
[info] 
[info] 
[error] ⚠  The provided authorization cannot be used with this repository. If this repository is in an organization, did you remember to grant access? 
[info] 
[info] i  Action required: Visit this URL to ensure access has been granted to the appropriate organization(s) for the Firebase CLI GitHub OAuth App: 
[info] https://github.com/settings/connections/applications/89cf50f02ac6aaed3484
[info] 
[debug] [2024-11-27T00:08:02.713Z] >>> [apiv2][query] GET https://api.github.com/repos//actions/secrets/public-key type=owner
[debug] [2024-11-27T00:08:03.043Z] <<< [apiv2][status] GET https://api.github.com/repos//actions/secrets/public-key 404
[debug] [2024-11-27T00:08:03.044Z] <<< [apiv2][body] GET https://api.github.com/repos//actions/secrets/public-key {"message":"Not Found","documentation_url":"https://docs.github.com/rest","status":"404"}
[info] 
[info] 
[error] ⚠  The provided authorization cannot be used with this repository. If this repository is in an organization, did you remember to grant access? 
[info] 
[info] i  Action required: Visit this URL to ensure access has been granted to the appropriate organization(s) for the Firebase CLI GitHub OAuth App: 
[info] https://github.com/settings/connections/applications/89cf50f02ac6aaed3484
[info] 
